04:09:48 **** Incremental Build of configuration Debug for project finding_name ****
Info: Internal Builder is used for build
gcc -o finding_name.exe "src\\finding_name.o" 
Info: Nothing to build for finding_name
Info: Nothing to build for finding_name
04:10:54 **** Incremental Build of configuration Debug for project finding_name ****
Info: Internal Builder is used for build
gcc -O0 -g3 -Wall -c -fmessage-length=0 -o "src\\finding_name.o" "..\\src\\finding_name.c" 
gcc -o finding_name.exe "src\\finding_name.o" 
04:11:09 **** Incremental Build of configuration Debug for project finding_name ****
Info: Internal Builder is used for build
gcc -O0 -g3 -Wall -c -fmessage-length=0 -o "src\\finding_name.o" "..\\src\\finding_name.c" 
gcc -o finding_name.exe "src\\finding_name.o" 
Info: Nothing to build for finding_name
04:11:29 **** Incremental Build of configuration Debug for project finding_name ****
Info: Internal Builder is used for build
gcc -O0 -g3 -Wall -c -fmessage-length=0 -o "src\\finding_name.o" "..\\src\\finding_name.c" 
..\src\finding_name.c: In function 'findName':
..\src\finding_name.c:8:17: warning: passing argument 1 of 'stricmp' makes pointer from integer without a cast [-Wint-conversion]
    flag=stricmp(name[i],names[i][14]);
                 ^~~~
In file included from ..\src\finding_name.c:2:0:
c:\mingw\include\string.h:138:38: note: expected 'const char *' but argument is of type 'char'
 _CRTIMP __cdecl __MINGW_NOTHROW  int stricmp (const char *, const char *);
                                      ^~~~~~~
..\src\finding_name.c:8:25: warning: passing argument 2 of 'stricmp' makes pointer from integer without a cast [-Wint-conversion]
    flag=stricmp(name[i],names[i][14]);
                         ^~~~~
In file included from ..\src\finding_name.c:2:0:
c:\mingw\include\string.h:138:38: note: expected 'const char *' but argument is of type 'char'
 _CRTIMP __cdecl __MINGW_NOTHROW  int stricmp (const char *, const char *);
                                      ^~~~~~~
gcc -o finding_name.exe "src\\finding_name.o" 
04:11:49 **** Incremental Build of configuration Debug for project finding_name ****
Info: Internal Builder is used for build
gcc -O0 -g3 -Wall -c -fmessage-length=0 -o "src\\finding_name.o" "..\\src\\finding_name.c" 
..\src\finding_name.c: In function 'findName':
..\src\finding_name.c:8:22: error: subscripted value is neither array nor pointer nor vector
    flag=stricmp(&name[i],&names[i][14]);
                      ^
..\src\finding_name.c: In function 'main':
..\src\finding_name.c:19:22: warning: passing argument 3 of 'findName' makes integer from pointer without a cast [-Wint-conversion]
  if(findName(names,5,name)==1)
                      ^~~~
..\src\finding_name.c:3:5: note: expected 'char' but argument is of type 'char *'
 int findName(char names[][14],int n,char name)
     ^~~~~~~~
04:12:04 **** Incremental Build of configuration Debug for project finding_name ****
Info: Internal Builder is used for build
gcc -O0 -g3 -Wall -c -fmessage-length=0 -o "src\\finding_name.o" "..\\src\\finding_name.c" 
..\src\finding_name.c: In function 'findName':
..\src\finding_name.c:8:21: error: subscripted value is neither array nor pointer nor vector
    flag=stricmp(name[i],names[i][14]);
                     ^
..\src\finding_name.c:8:25: warning: passing argument 2 of 'stricmp' makes pointer from integer without a cast [-Wint-conversion]
    flag=stricmp(name[i],names[i][14]);
                         ^~~~~
In file included from ..\src\finding_name.c:2:0:
c:\mingw\include\string.h:138:38: note: expected 'const char *' but argument is of type 'char'
 _CRTIMP __cdecl __MINGW_NOTHROW  int stricmp (const char *, const char *);
                                      ^~~~~~~
..\src\finding_name.c: In function 'main':
..\src\finding_name.c:19:22: warning: passing argument 3 of 'findName' makes integer from pointer without a cast [-Wint-conversion]
  if(findName(names,5,name)==1)
                      ^~~~
..\src\finding_name.c:3:5: note: expected 'char' but argument is of type 'char *'
 int findName(char names[][14],int n,char name)
     ^~~~~~~~
Info: Nothing to build for factorial_recursive
04:12:09 **** Incremental Build of configuration Debug for project finding_name ****
Info: Internal Builder is used for build
gcc -O0 -g3 -Wall -c -fmessage-length=0 -o "src\\finding_name.o" "..\\src\\finding_name.c" 
..\src\finding_name.c: In function 'findName':
..\src\finding_name.c:8:21: error: subscripted value is neither array nor pointer nor vector
    flag=stricmp(name[i],names[i][14]);
                     ^
..\src\finding_name.c:8:25: warning: passing argument 2 of 'stricmp' makes pointer from integer without a cast [-Wint-conversion]
    flag=stricmp(name[i],names[i][14]);
                         ^~~~~
In file included from ..\src\finding_name.c:2:0:
c:\mingw\include\string.h:138:38: note: expected 'const char *' but argument is of type 'char'
 _CRTIMP __cdecl __MINGW_NOTHROW  int stricmp (const char *, const char *);
                                      ^~~~~~~
..\src\finding_name.c: In function 'main':
..\src\finding_name.c:19:22: warning: passing argument 3 of 'findName' makes integer from pointer without a cast [-Wint-conversion]
  if(findName(names,5,name)==1)
                      ^~~~
..\src\finding_name.c:3:5: note: expected 'char' but argument is of type 'char *'
 int findName(char names[][14],int n,char name)
     ^~~~~~~~
Info: Nothing to build for min_in_array
Info: Nothing to build for triangle_shape
04:12:13 **** Incremental Build of configuration Debug for project finding_name ****
Info: Internal Builder is used for build
gcc -O0 -g3 -Wall -c -fmessage-length=0 -o "src\\finding_name.o" "..\\src\\finding_name.c" 
..\src\finding_name.c: In function 'findName':
..\src\finding_name.c:8:21: error: subscripted value is neither array nor pointer nor vector
    flag=stricmp(name[i],names[i][14]);
                     ^
..\src\finding_name.c:8:25: warning: passing argument 2 of 'stricmp' makes pointer from integer without a cast [-Wint-conversion]
    flag=stricmp(name[i],names[i][14]);
                         ^~~~~
In file included from ..\src\finding_name.c:2:0:
c:\mingw\include\string.h:138:38: note: expected 'const char *' but argument is of type 'char'
 _CRTIMP __cdecl __MINGW_NOTHROW  int stricmp (const char *, const char *);
                                      ^~~~~~~
..\src\finding_name.c: In function 'main':
..\src\finding_name.c:19:22: warning: passing argument 3 of 'findName' makes integer from pointer without a cast [-Wint-conversion]
  if(findName(names,5,name)==1)
                      ^~~~
..\src\finding_name.c:3:5: note: expected 'char' but argument is of type 'char *'
 int findName(char names[][14],int n,char name)
     ^~~~~~~~
Info: Nothing to build for factorial_recursive
04:13:44 **** Incremental Build of configuration Debug for project finding_name ****
Info: Internal Builder is used for build
gcc -O0 -g3 -Wall -c -fmessage-length=0 -o "src\\finding_name.o" "..\\src\\finding_name.c" 
..\src\finding_name.c: In function 'findName':
..\src\finding_name.c:8:21: error: subscripted value is neither array nor pointer nor vector
    flag=stricmp(name[i],names[i][14]);
                     ^
..\src\finding_name.c:8:25: warning: passing argument 2 of 'stricmp' makes pointer from integer without a cast [-Wint-conversion]
    flag=stricmp(name[i],names[i][14]);
                         ^~~~~
In file included from ..\src\finding_name.c:2:0:
c:\mingw\include\string.h:138:38: note: expected 'const char *' but argument is of type 'char'
 _CRTIMP __cdecl __MINGW_NOTHROW  int stricmp (const char *, const char *);
                                      ^~~~~~~
..\src\finding_name.c: In function 'main':
..\src\finding_name.c:19:22: warning: passing argument 3 of 'findName' makes integer from pointer without a cast [-Wint-conversion]
  if(findName(names,5,name)==1)
                      ^~~~
..\src\finding_name.c:3:5: note: expected 'char' but argument is of type 'char *'
 int findName(char names[][14],int n,char name)
     ^~~~~~~~
Info: Nothing to build for min_in_array
Info: Nothing to build for triangle_shape
04:13:48 **** Incremental Build of configuration Debug for project finding_name ****
Info: Internal Builder is used for build
gcc -O0 -g3 -Wall -c -fmessage-length=0 -o "src\\finding_name.o" "..\\src\\finding_name.c" 
..\src\finding_name.c: In function 'findName':
..\src\finding_name.c:8:21: error: subscripted value is neither array nor pointer nor vector
    flag=stricmp(name[i],names[i][14]);
                     ^
..\src\finding_name.c:8:25: warning: passing argument 2 of 'stricmp' makes pointer from integer without a cast [-Wint-conversion]
    flag=stricmp(name[i],names[i][14]);
                         ^~~~~
In file included from ..\src\finding_name.c:2:0:
c:\mingw\include\string.h:138:38: note: expected 'const char *' but argument is of type 'char'
 _CRTIMP __cdecl __MINGW_NOTHROW  int stricmp (const char *, const char *);
                                      ^~~~~~~
..\src\finding_name.c: In function 'main':
..\src\finding_name.c:19:22: warning: passing argument 3 of 'findName' makes integer from pointer without a cast [-Wint-conversion]
  if(findName(names,5,name)==1)
                      ^~~~
..\src\finding_name.c:3:5: note: expected 'char' but argument is of type 'char *'
 int findName(char names[][14],int n,char name)
     ^~~~~~~~
04:14:04 **** Incremental Build of configuration Debug for project finding_name ****
Info: Internal Builder is used for build
gcc -O0 -g3 -Wall -c -fmessage-length=0 -o "src\\finding_name.o" "..\\src\\finding_name.c" 
gcc -o finding_name.exe "src\\finding_name.o" 
c:/mingw/bin/../lib/gcc/mingw32/6.3.0/../../../../mingw32/bin/ld.exe: cannot open output file finding_name.exe: Permission denied
collect2.exe: error: ld returned 1 exit status
Info: Nothing to build for factorial_recursive
04:14:13 **** Incremental Build of configuration Debug for project finding_name ****
Info: Internal Builder is used for build
gcc -o finding_name.exe "src\\finding_name.o" 
c:/mingw/bin/../lib/gcc/mingw32/6.3.0/../../../../mingw32/bin/ld.exe: cannot open output file finding_name.exe: Permission denied
collect2.exe: error: ld returned 1 exit status
Info: Nothing to build for min_in_array
Info: Nothing to build for triangle_shape
04:14:15 **** Incremental Build of configuration Debug for project finding_name ****
Info: Internal Builder is used for build
gcc -o finding_name.exe "src\\finding_name.o" 
c:/mingw/bin/../lib/gcc/mingw32/6.3.0/../../../../mingw32/bin/ld.exe: cannot open output file finding_name.exe: Permission denied
collect2.exe: error: ld returned 1 exit status
Info: Nothing to build for factorial_recursive
04:16:10 **** Incremental Build of configuration Debug for project finding_name ****
Info: Internal Builder is used for build
gcc -o finding_name.exe "src\\finding_name.o" 
Info: Nothing to build for min_in_array
Info: Nothing to build for triangle_shape
Info: Nothing to build for finding_name
Info: Nothing to build for finding_name
04:26:28 **** Incremental Build of configuration Debug for project finding_name ****
Info: Internal Builder is used for build
gcc -O0 -g3 -Wall -c -fmessage-length=0 -o "src\\finding_name.o" "..\\src\\finding_name.c" 
..\src\finding_name.c: In function 'findName':
..\src\finding_name.c:5:6: warning: unused variable 'flag' [-Wunused-variable]
  int flag;
      ^~~~
gcc -o finding_name.exe "src\\finding_name.o" 
c:/mingw/bin/../lib/gcc/mingw32/6.3.0/../../../../mingw32/bin/ld.exe: cannot open output file finding_name.exe: Permission denied
collect2.exe: error: ld returned 1 exit status
Info: Nothing to build for factorial_recursive
04:28:23 **** Incremental Build of configuration Debug for project finding_name ****
Info: Internal Builder is used for build
gcc -o finding_name.exe "src\\finding_name.o" 
c:/mingw/bin/../lib/gcc/mingw32/6.3.0/../../../../mingw32/bin/ld.exe: cannot open output file finding_name.exe: Permission denied
collect2.exe: error: ld returned 1 exit status
Info: Nothing to build for min_in_array
Info: Nothing to build for triangle_shape
04:28:26 **** Incremental Build of configuration Debug for project finding_name ****
Info: Internal Builder is used for build
gcc -O0 -g3 -Wall -c -fmessage-length=0 -o "src\\finding_name.o" "..\\src\\finding_name.c" 
..\src\finding_name.c: In function 'findName':
..\src\finding_name.c:5:6: warning: unused variable 'flag' [-Wunused-variable]
  int flag;
      ^~~~
gcc -o finding_name.exe "src\\finding_name.o" 
c:/mingw/bin/../lib/gcc/mingw32/6.3.0/../../../../mingw32/bin/ld.exe: cannot open output file finding_name.exe: Permission denied
collect2.exe: error: ld returned 1 exit status
04:28:33 **** Incremental Build of configuration Debug for project finding_name ****
Info: Internal Builder is used for build
gcc -O0 -g3 -Wall -c -fmessage-length=0 -o "src\\finding_name.o" "..\\src\\finding_name.c" 
gcc -o finding_name.exe "src\\finding_name.o" 
c:/mingw/bin/../lib/gcc/mingw32/6.3.0/../../../../mingw32/bin/ld.exe: cannot open output file finding_name.exe: Permission denied
collect2.exe: error: ld returned 1 exit status
04:28:49 **** Incremental Build of configuration Debug for project finding_name ****
Info: Internal Builder is used for build
gcc -O0 -g3 -Wall -c -fmessage-length=0 -o "src\\finding_name.o" "..\\src\\finding_name.c" 
gcc -o finding_name.exe "src\\finding_name.o" 
c:/mingw/bin/../lib/gcc/mingw32/6.3.0/../../../../mingw32/bin/ld.exe: cannot open output file finding_name.exe: Permission denied
collect2.exe: error: ld returned 1 exit status
Info: Nothing to build for factorial_recursive
04:29:17 **** Incremental Build of configuration Debug for project finding_name ****
Info: Internal Builder is used for build
gcc -o finding_name.exe "src\\finding_name.o" 
Info: Nothing to build for min_in_array
Info: Nothing to build for triangle_shape
Info: Nothing to build for finding_name
Info: Nothing to build for finding_name
